<?xml version="1.0" encoding="UTF-8"?>
<!-- Generated by org.testng.reporters.JUnitReportReporter -->
<testsuite hostname="DESKTOP-S4FF1A9" failures="0" tests="1" name="testCases.TC_001_AccountRegistrationTest" time="7.227" errors="0" timestamp="2024-06-13T19:04:54 IST" skipped="0">
  <testcase classname="testCases.TC_001_AccountRegistrationTest" name="verify_account_registration" time="7.227"/>
  <system-out/>
</testsuite> <!-- testCases.TC_001_AccountRegistrationTest -->
