<?xml version="1.0" encoding="UTF-8"?>
<!-- Generated by org.testng.reporters.JUnitReportReporter -->
<testsuite hostname="DESKTOP-S4FF1A9" failures="0" tests="9" name="testCases.TC_004_LoginDataDrivenTest" time="78.484" errors="0" timestamp="2024-06-09T23:17:15 IST" skipped="0">
  <testcase classname="testCases.TC_004_LoginDataDrivenTest" name="verifyLoginDDT" time="8.053"/>
  <system-out/>
  <testcase classname="testCases.TC_004_LoginDataDrivenTest" name="verifyLoginDDT" time="8.317"/>
  <system-out/>
  <testcase classname="testCases.TC_004_LoginDataDrivenTest" name="verifyLoginDDT" time="7.504"/>
  <system-out/>
  <testcase classname="testCases.TC_004_LoginDataDrivenTest" name="verifyLoginDDT" time="19.964"/>
  <system-out/>
  <testcase classname="testCases.TC_004_LoginDataDrivenTest" name="verifyLoginDDT" time="8.950"/>
  <system-out/>
  <testcase classname="testCases.TC_004_LoginDataDrivenTest" name="verifyLoginDDT" time="7.019"/>
  <system-out/>
  <testcase classname="testCases.TC_004_LoginDataDrivenTest" name="verifyLoginDDT" time="5.174"/>
  <system-out/>
  <testcase classname="testCases.TC_004_LoginDataDrivenTest" name="verifyLoginDDT" time="7.676"/>
  <system-out/>
  <testcase classname="testCases.TC_004_LoginDataDrivenTest" name="verifyLoginDDT" time="5.827"/>
  <system-out/>
</testsuite> <!-- testCases.TC_004_LoginDataDrivenTest -->
