<?xml version="1.0" encoding="UTF-8"?>
<!-- Generated by org.testng.reporters.JUnitReportReporter -->
<testsuite hostname="DESKTOP-S4FF1A9" failures="0" tests="1" name="testCases.tempCodeCheck" time="20.798" errors="0" timestamp="2024-06-10T17:28:58 IST" skipped="0">
  <testcase classname="testCases.tempCodeCheck" name="temp" time="20.798"/>
  <system-out/>
</testsuite> <!-- testCases.tempCodeCheck -->
