<?xml version="1.0" encoding="UTF-8"?>
<!-- Generated by org.testng.reporters.JUnitReportReporter -->
<testsuite hostname="DESKTOP-S4FF1A9" failures="0" tests="1" name="testCases.TC_002_AccountLogInTest" time="7.273" errors="0" timestamp="2024-06-17T22:27:28 IST" skipped="0">
  <testcase classname="testCases.TC_002_AccountLogInTest" name="verifyAccountDetails" time="7.273"/>
</testsuite> <!-- testCases.TC_002_AccountLogInTest -->
